<!DOCTYPE html>
<html>
<head>
    <title>Test report</title>
    <meta charset="utf-8">
    <meta name="viewport" content="width=device-width, initial-scale=1.0">
    <link rel="stylesheet" href="https://maxcdn.bootstrapcdn.com/bootstrap/3.3.6/css/bootstrap.min.css" integrity="sha384-1q8mTJOASx8j1Au+a5WDVnPi2lkFfwwEAa8hDDdjZlpLegxhjVME1fgjWPGmkzs7" crossorigin="anonymous">
</head>
<body>
    <div class="container">
        <div class="row">
            <div class="col-xs-12">
                <h2 class="text-capitalize">Test report</h2>
                <p class='attribute'><strong>Start Time: </strong>2022-12-02 12:03:43</p>
                <p class='attribute'><strong>Duration: </strong>4.95 s</p>
                <p class='attribute'><strong>Summary: </strong>Total: 1, Pass: 0, Error: 1</p>
            </div>
        </div>
        <div class="row">
            <div class="col-xs-12 col-sm-10 col-md-10">
                <table class='table table-hover table-responsive'>
                    <thead>
                        <tr>
                            <th>test1.Test1</th>
                            <th>Status</th>
                            <th></th>
                        </tr>
                    </thead>
                    <tbody>
                        <tr class='warning'>
                            <td class="col-xs-10">test_create_user</td>
                            <td class="col-xs-1">
                                <span class="label label-warning" style="display:block;width:40px;">Error</span>
                            </td>
                            <td class="col-xs-1">
                                <button class="btn btn-default btn-xs">View</button>
                            </td>
                        </tr>
                        <tr style="display:none;">
                            <td class="col-xs-9" colspan="3"><p style="color:maroon;">NoSuchElementException: Message: no such element: Unable to locate element: {"method":"css selector","selector":"[name="first_name"]"}
  (Session info: chrome=107.0.5304.107)
Stacktrace:
Backtrace:
	Ordinal0 [0x0088ACD3+2075859]
	Ordinal0 [0x0081EE61+1633889]
	Ordinal0 [0x0071B7BD+571325]
	Ordinal0 [0x0074AC2F+764975]
	Ordinal0 [0x0074AE1B+765467]
	Ordinal0 [0x0077D0F2+970994]
	Ordinal0 [0x00767364+881508]
	Ordinal0 [0x0077B56A+963946]
	Ordinal0 [0x00767136+880950]
	Ordinal0 [0x0073FEFD+720637]
	Ordinal0 [0x00740F3F+724799]
	GetHandleVerifier [0x00B3EED2+2769538]
	GetHandleVerifier [0x00B30D95+2711877]
	GetHandleVerifier [0x0091A03A+521194]
	GetHandleVerifier [0x00918DA0+516432]
	Ordinal0 [0x0082682C+1665068]
	Ordinal0 [0x0082B128+1683752]
	Ordinal0 [0x0082B215+1683989]
	Ordinal0 [0x00836484+1729668]
	BaseThreadInitThunk [0x76C7FEF9+25]
	RtlGetAppContainerNamedObjectPath [0x779A7BBE+286]
	RtlGetAppContainerNamedObjectPath [0x779A7B8E+238]
</p><p style="color:maroon;">Traceback (most recent call last):
  File "C:\Users\Paul\PycharmProjects\TemeCurs\test1.py", line 11, in test_create_user
    self.driver.signup("tibi", "serban", '0733123235', 'serban.tiberiu@gmail.com', 'ItFactory1')
  File "C:\Users\Paul\PycharmProjects\TemeCurs\utils.py", line 31, in signup
    self.findElementByName('first_name').send_keys(fname)
  File "C:\Users\Paul\PycharmProjects\TemeCurs\utils.py", line 28, in findElementByName
    return self.driver.find_element(By.NAME, name)
  File "C:\Users\Paul\PycharmProjects\TemeCurs\venv\lib\site-packages\selenium\webdriver\remote\webdriver.py", line 861, in find_element
    return self.execute(Command.FIND_ELEMENT, {"using": by, "value": value})["value"]
  File "C:\Users\Paul\PycharmProjects\TemeCurs\venv\lib\site-packages\selenium\webdriver\remote\webdriver.py", line 444, in execute
    self.error_handler.check_response(response)
  File "C:\Users\Paul\PycharmProjects\TemeCurs\venv\lib\site-packages\selenium\webdriver\remote\errorhandler.py", line 249, in check_response
    raise exception_class(message, screen, stacktrace)
selenium.common.exceptions.NoSuchElementException: Message: no such element: Unable to locate element: {"method":"css selector","selector":"[name="first_name"]"}
  (Session info: chrome=107.0.5304.107)
Stacktrace:
Backtrace:
	Ordinal0 [0x0088ACD3+2075859]
	Ordinal0 [0x0081EE61+1633889]
	Ordinal0 [0x0071B7BD+571325]
	Ordinal0 [0x0074AC2F+764975]
	Ordinal0 [0x0074AE1B+765467]
	Ordinal0 [0x0077D0F2+970994]
	Ordinal0 [0x00767364+881508]
	Ordinal0 [0x0077B56A+963946]
	Ordinal0 [0x00767136+880950]
	Ordinal0 [0x0073FEFD+720637]
	Ordinal0 [0x00740F3F+724799]
	GetHandleVerifier [0x00B3EED2+2769538]
	GetHandleVerifier [0x00B30D95+2711877]
	GetHandleVerifier [0x0091A03A+521194]
	GetHandleVerifier [0x00918DA0+516432]
	Ordinal0 [0x0082682C+1665068]
	Ordinal0 [0x0082B128+1683752]
	Ordinal0 [0x0082B215+1683989]
	Ordinal0 [0x00836484+1729668]
	BaseThreadInitThunk [0x76C7FEF9+25]
	RtlGetAppContainerNamedObjectPath [0x779A7BBE+286]
	RtlGetAppContainerNamedObjectPath [0x779A7B8E+238]

</p>
                            </td>
                        </tr>
                        <tr>
                            <td colspan="3">
                                Total: 1, Pass: 0, Error: 1 -- Duration: 4.95 s
                            </td>
                        </tr>
                    </tbody>
                </table>
            </div>
        </div>
    </div>
    <script src="https://ajax.googleapis.com/ajax/libs/jquery/2.2.4/jquery.min.js"></script>
    <script type="text/javascript">
        $(document).ready(function(){
            $('td').on('click', '.btn', function(e){
                e.preventDefault();
                e.stopImmediatePropagation();
                var $this = $(this);
                var $nextRow = $this.closest('tr').next('tr');
                $nextRow.slideToggle("fast");
                $this.text(function(i, text){
                    if (text === 'View') {
                        return 'Hide';
                    } else {
                        return 'View';
                    };
                });
            });
        });
    </script>
</body>
</html